# JRE version: 7.0_25-b17
# Java VM: Java HotSpot(TM) Client VM (23.25-b01 mixed mode windows-x86 )
Heap
 par new generation   total 78656K, used 78655K [0x04460000, 0x099b0000, 0x099b0000)
  eden space 69952K, 100% used [0x04460000, 0x088b0000, 0x088b0000)
  from space 8704K,  99% used [0x09130000, 0x099afff8, 0x099b0000)
  to   space 8704K,   0% used [0x088b0000, 0x088b0000, 0x09130000)
 concurrent mark-sweep generation total 174784K, used 174783K [0x099b0000, 0x14460000, 0x14460000)
 concurrent-mark-sweep perm gen total 17828K, used 10626K [0x14460000, 0x155c9000, 0x18460000)
GC Heap History (10 events):
Event: 211.985 GC heap after
Heap after GC invocations=415 (full 67):
 par new generation   total 78656K, used 78655K [0x04460000, 0x099b0000, 0x099b0000)
  eden space 69952K, 100% used [0x04460000, 0x088b0000, 0x088b0000)
  from space 8704K,  99% used [0x09130000, 0x099affa8, 0x099b0000)
  to   space 8704K,   0% used [0x088b0000, 0x088b0000, 0x09130000)
 concurrent mark-sweep generation total 174784K, used 174784K [0x099b0000, 0x14460000, 0x14460000)
 concurrent-mark-sweep perm gen total 17828K, used 10626K [0x14460000, 0x155c9000, 0x18460000)
}
Event: 211.985 GC heap before
{Heap before GC invocations=415 (full 67):
 par new generation   total 78656K, used 78655K [0x04460000, 0x099b0000, 0x099b0000)
  eden space 69952K, 100% used [0x04460000, 0x088b0000, 0x088b0000)
  from space 8704K,  99% used [0x09130000, 0x099afff0, 0x099b0000)
  to   space 8704K,   0% used [0x088b0000, 0x088b0000, 0x09130000)
 concurrent mark-sweep generation total 174784K, used 174784K [0x099b0000, 0x14460000, 0x14460000)
 concurrent-mark-sweep perm gen total 17828K, used 10626K [0x14460000, 0x155c9000, 0x18460000)
Event: 212.438 GC heap after
Heap after GC invocations=416 (full 68):
 par new generation   total 78656K, used 78655K [0x04460000, 0x099b0000, 0x099b0000)
  eden space 69952K, 100% used [0x04460000, 0x088b0000, 0x088b0000)
  from space 8704K,  99% used [0x09130000, 0x099affb8, 0x099b0000)
  to   space 8704K,   0% used [0x088b0000, 0x088b0000, 0x09130000)
 concurrent mark-sweep generation total 174784K, used 174784K [0x099b0000, 0x14460000, 0x14460000)
 concurrent-mark-sweep perm gen total 17828K, used 10626K [0x14460000, 0x155c9000, 0x18460000)
}
Event: 212.439 GC heap before
{Heap before GC invocations=416 (full 68):
 par new generation   total 78656K, used 78655K [0x04460000, 0x099b0000, 0x099b0000)
  eden space 69952K, 100% used [0x04460000, 0x088b0000, 0x088b0000)
  from space 8704K,  99% used [0x09130000, 0x099afff0, 0x099b0000)
  to   space 8704K,   0% used [0x088b0000, 0x088b0000, 0x09130000)
 concurrent mark-sweep generation total 174784K, used 174784K [0x099b0000, 0x14460000, 0x14460000)
 concurrent-mark-sweep perm gen total 17828K, used 10626K [0x14460000, 0x155c9000, 0x18460000)
Event: 213.027 GC heap after
Heap after GC invocations=417 (full 69):
 par new generation   total 78656K, used 78655K [0x04460000, 0x099b0000, 0x099b0000)
  eden space 69952K, 100% used [0x04460000, 0x088b0000, 0x088b0000)
  from space 8704K,  99% used [0x09130000, 0x099affd8, 0x099b0000)
  to   space 8704K,   0% used [0x088b0000, 0x088b0000, 0x09130000)
 concurrent mark-sweep generation total 174784K, used 174784K [0x099b0000, 0x14460000, 0x14460000)
 concurrent-mark-sweep perm gen total 17828K, used 10626K [0x14460000, 0x155c9000, 0x18460000)
}
Event: 213.027 GC heap before
{Heap before GC invocations=417 (full 69):
 par new generation   total 78656K, used 78655K [0x04460000, 0x099b0000, 0x099b0000)
  eden space 69952K, 100% used [0x04460000, 0x088b0000, 0x088b0000)
  from space 8704K,  99% used [0x09130000, 0x099affd8, 0x099b0000)
  to   space 8704K,   0% used [0x088b0000, 0x088b0000, 0x09130000)
 concurrent mark-sweep generation total 174784K, used 174784K [0x099b0000, 0x14460000, 0x14460000)
 concurrent-mark-sweep perm gen total 17828K, used 10626K [0x14460000, 0x155c9000, 0x18460000)
Event: 213.453 GC heap after
Heap after GC invocations=418 (full 70):
 par new generation   total 78656K, used 78655K [0x04460000, 0x099b0000, 0x099b0000)
  eden space 69952K, 100% used [0x04460000, 0x088b0000, 0x088b0000)
  from space 8704K,  99% used [0x09130000, 0x099affd8, 0x099b0000)
  to   space 8704K,   0% used [0x088b0000, 0x088b0000, 0x09130000)
 concurrent mark-sweep generation total 174784K, used 174784K [0x099b0000, 0x14460000, 0x14460000)
 concurrent-mark-sweep perm gen total 17828K, used 10626K [0x14460000, 0x155c9000, 0x18460000)
}
Event: 213.557 GC heap before
{Heap before GC invocations=418 (full 71):
 par new generation   total 78656K, used 78655K [0x04460000, 0x099b0000, 0x099b0000)
  eden space 69952K, 100% used [0x04460000, 0x088b0000, 0x088b0000)
  from space 8704K,  99% used [0x09130000, 0x099afff8, 0x099b0000)
  to   space 8704K,   0% used [0x088b0000, 0x088b0000, 0x09130000)
 concurrent mark-sweep generation total 174784K, used 174784K [0x099b0000, 0x14460000, 0x14460000)
 concurrent-mark-sweep perm gen total 17828K, used 10626K [0x14460000, 0x155c9000, 0x18460000)
Event: 214.423 GC heap after
Heap after GC invocations=419 (full 72):
 par new generation   total 78656K, used 78655K [0x04460000, 0x099b0000, 0x099b0000)
  eden space 69952K, 100% used [0x04460000, 0x088b0000, 0x088b0000)
  from space 8704K,  99% used [0x09130000, 0x099afdf0, 0x099b0000)
  to   space 8704K,   0% used [0x088b0000, 0x088b0000, 0x09130000)
 concurrent mark-sweep generation total 174784K, used 174783K [0x099b0000, 0x14460000, 0x14460000)
 concurrent-mark-sweep perm gen total 17828K, used 10626K [0x14460000, 0x155c9000, 0x18460000)
}
Event: 214.423 GC heap before
{Heap before GC invocations=419 (full 72):
 par new generation   total 78656K, used 78655K [0x04460000, 0x099b0000, 0x099b0000)
  eden space 69952K, 100% used [0x04460000, 0x088b0000, 0x088b0000)
  from space 8704K,  99% used [0x09130000, 0x099afff8, 0x099b0000)
  to   space 8704K,   0% used [0x088b0000, 0x088b0000, 0x09130000)
 concurrent mark-sweep generation total 174784K, used 174783K [0x099b0000, 0x14460000, 0x14460000)
 concurrent-mark-sweep perm gen total 17828K, used 10626K [0x14460000, 0x155c9000, 0x18460000)

