# JRE version: 7.0_25-b17
# Java VM: Java HotSpot(TM) Client VM (23.25-b01 mixed mode windows-x86 )
Heap
 par new generation   total 78656K, used 78655K [0x04680000, 0x09bd0000, 0x09bd0000)
  eden space 69952K, 100% used [0x04680000, 0x08ad0000, 0x08ad0000)
  from space 8704K,  99% used [0x09350000, 0x09bcffe0, 0x09bd0000)
  to   space 8704K,   0% used [0x08ad0000, 0x08ad0000, 0x09350000)
 concurrent mark-sweep generation total 174784K, used 174783K [0x09bd0000, 0x14680000, 0x14680000)
 concurrent-mark-sweep perm gen total 17820K, used 10646K [0x14680000, 0x157e7000, 0x18680000)
GC Heap History (10 events):
Event: 307.803 GC heap before
{Heap before GC invocations=484 (full 61):
 par new generation   total 78656K, used 78655K [0x04680000, 0x09bd0000, 0x09bd0000)
  eden space 69952K, 100% used [0x04680000, 0x08ad0000, 0x08ad0000)
  from space 8704K,  99% used [0x09350000, 0x09bcfff8, 0x09bd0000)
  to   space 8704K,   0% used [0x08ad0000, 0x08ad0000, 0x09350000)
 concurrent mark-sweep generation total 174784K, used 174784K [0x09bd0000, 0x14680000, 0x14680000)
 concurrent-mark-sweep perm gen total 17820K, used 10643K [0x14680000, 0x157e7000, 0x18680000)
Event: 308.321 GC heap after
Heap after GC invocations=485 (full 62):
 par new generation   total 78656K, used 78655K [0x04680000, 0x09bd0000, 0x09bd0000)
  eden space 69952K, 100% used [0x04680000, 0x08ad0000, 0x08ad0000)
  from space 8704K,  99% used [0x09350000, 0x09bcfff8, 0x09bd0000)
  to   space 8704K,   0% used [0x08ad0000, 0x08ad0000, 0x09350000)
 concurrent mark-sweep generation total 174784K, used 174784K [0x09bd0000, 0x14680000, 0x14680000)
 concurrent-mark-sweep perm gen total 17820K, used 10643K [0x14680000, 0x157e7000, 0x18680000)
}
Event: 308.321 GC heap before
{Heap before GC invocations=485 (full 62):
 par new generation   total 78656K, used 78655K [0x04680000, 0x09bd0000, 0x09bd0000)
  eden space 69952K, 100% used [0x04680000, 0x08ad0000, 0x08ad0000)
  from space 8704K,  99% used [0x09350000, 0x09bcfff8, 0x09bd0000)
  to   space 8704K,   0% used [0x08ad0000, 0x08ad0000, 0x09350000)
 concurrent mark-sweep generation total 174784K, used 174784K [0x09bd0000, 0x14680000, 0x14680000)
 concurrent-mark-sweep perm gen total 17820K, used 10643K [0x14680000, 0x157e7000, 0x18680000)
Event: 308.863 GC heap after
Heap after GC invocations=486 (full 63):
 par new generation   total 78656K, used 78655K [0x04680000, 0x09bd0000, 0x09bd0000)
  eden space 69952K, 100% used [0x04680000, 0x08ad0000, 0x08ad0000)
  from space 8704K,  99% used [0x09350000, 0x09bcfff8, 0x09bd0000)
  to   space 8704K,   0% used [0x08ad0000, 0x08ad0000, 0x09350000)
 concurrent mark-sweep generation total 174784K, used 174784K [0x09bd0000, 0x14680000, 0x14680000)
 concurrent-mark-sweep perm gen total 17820K, used 10643K [0x14680000, 0x157e7000, 0x18680000)
}
Event: 308.985 GC heap before
{Heap before GC invocations=486 (full 64):
 par new generation   total 78656K, used 78655K [0x04680000, 0x09bd0000, 0x09bd0000)
  eden space 69952K, 100% used [0x04680000, 0x08ad0000, 0x08ad0000)
  from space 8704K,  99% used [0x09350000, 0x09bcfff8, 0x09bd0000)
  to   space 8704K,   0% used [0x08ad0000, 0x08ad0000, 0x09350000)
 concurrent mark-sweep generation total 174784K, used 174784K [0x09bd0000, 0x14680000, 0x14680000)
 concurrent-mark-sweep perm gen total 17820K, used 10643K [0x14680000, 0x157e7000, 0x18680000)
Event: 309.850 GC heap after
Heap after GC invocations=487 (full 65):
 par new generation   total 78656K, used 78655K [0x04680000, 0x09bd0000, 0x09bd0000)
  eden space 69952K, 100% used [0x04680000, 0x08ad0000, 0x08ad0000)
  from space 8704K,  99% used [0x09350000, 0x09bcfff8, 0x09bd0000)
  to   space 8704K,   0% used [0x08ad0000, 0x08ad0000, 0x09350000)
 concurrent mark-sweep generation total 174784K, used 174784K [0x09bd0000, 0x14680000, 0x14680000)
 concurrent-mark-sweep perm gen total 17820K, used 10643K [0x14680000, 0x157e7000, 0x18680000)
}
Event: 309.850 GC heap before
{Heap before GC invocations=487 (full 65):
 par new generation   total 78656K, used 78655K [0x04680000, 0x09bd0000, 0x09bd0000)
  eden space 69952K, 100% used [0x04680000, 0x08ad0000, 0x08ad0000)
  from space 8704K,  99% used [0x09350000, 0x09bcfff8, 0x09bd0000)
  to   space 8704K,   0% used [0x08ad0000, 0x08ad0000, 0x09350000)
 concurrent mark-sweep generation total 174784K, used 174784K [0x09bd0000, 0x14680000, 0x14680000)
 concurrent-mark-sweep perm gen total 17820K, used 10643K [0x14680000, 0x157e7000, 0x18680000)
Event: 310.366 GC heap after
Heap after GC invocations=488 (full 66):
 par new generation   total 78656K, used 78655K [0x04680000, 0x09bd0000, 0x09bd0000)
  eden space 69952K, 100% used [0x04680000, 0x08ad0000, 0x08ad0000)
  from space 8704K,  99% used [0x09350000, 0x09bcfff8, 0x09bd0000)
  to   space 8704K,   0% used [0x08ad0000, 0x08ad0000, 0x09350000)
 concurrent mark-sweep generation total 174784K, used 174784K [0x09bd0000, 0x14680000, 0x14680000)
 concurrent-mark-sweep perm gen total 17820K, used 10643K [0x14680000, 0x157e7000, 0x18680000)
}
Event: 310.491 GC heap before
{Heap before GC invocations=488 (full 67):
 par new generation   total 78656K, used 78655K [0x04680000, 0x09bd0000, 0x09bd0000)
  eden space 69952K, 100% used [0x04680000, 0x08ad0000, 0x08ad0000)
  from space 8704K,  99% used [0x09350000, 0x09bcfff8, 0x09bd0000)
  to   space 8704K,   0% used [0x08ad0000, 0x08ad0000, 0x09350000)
 concurrent mark-sweep generation total 174784K, used 174784K [0x09bd0000, 0x14680000, 0x14680000)
 concurrent-mark-sweep perm gen total 17820K, used 10643K [0x14680000, 0x157e7000, 0x18680000)
Event: 311.504 GC heap after
Heap after GC invocations=489 (full 68):
 par new generation   total 78656K, used 78646K [0x04680000, 0x09bd0000, 0x09bd0000)
  eden space 69952K, 100% used [0x04680000, 0x08ad0000, 0x08ad0000)
  from space 8704K,  99% used [0x09350000, 0x09bcda40, 0x09bd0000)
  to   space 8704K,   0% used [0x08ad0000, 0x08ad0000, 0x09350000)
 concurrent mark-sweep generation total 174784K, used 174783K [0x09bd0000, 0x14680000, 0x14680000)
 concurrent-mark-sweep perm gen total 17820K, used 10643K [0x14680000, 0x157e7000, 0x18680000)
}

